01/02/2022 08:35:03 : feed_Aliexpress.php : 61f8e2a7089af : Total ID's:1
01/02/2022 08:35:05 : feed_Aliexpress.php : 61f8e2a7089af : EAN Quantity: 9
01/02/2022 08:35:05 : feed_Aliexpress.php : 61f8e2a7089af : El sku: 8430115383590
01/02/2022 08:35:05 : feed_Aliexpress.php : 61f8e2a7089af : The query Return 1 files.
01/02/2022 08:35:05 : feed_Aliexpress.php : 61f8e2a7089af : The ID product: 1005003857063999 - and the ean: 8430115383590 - update with stock: 4
01/02/2022 08:35:06 : feed_Aliexpress.php : 61f8e2a7089af : El sku: 8430115383606
01/02/2022 08:35:06 : feed_Aliexpress.php : 61f8e2a7089af : The query Return 1 files.
01/02/2022 08:35:06 : feed_Aliexpress.php : 61f8e2a7089af : The ID product: 1005003857063999 - and the ean: 8430115383606 - update with stock: 7
01/02/2022 08:35:08 : feed_Aliexpress.php : 61f8e2a7089af : El sku: 8430115383613
01/02/2022 08:35:08 : feed_Aliexpress.php : 61f8e2a7089af : The query Return 1 files.
01/02/2022 08:35:08 : feed_Aliexpress.php : 61f8e2a7089af : The ID product: 1005003857063999 - and the ean: 8430115383613 - update with stock: 6
01/02/2022 08:35:09 : feed_Aliexpress.php : 61f8e2a7089af : El sku: 8430115383620
01/02/2022 08:35:09 : feed_Aliexpress.php : 61f8e2a7089af : The query Return 1 files.
01/02/2022 08:35:09 : feed_Aliexpress.php : 61f8e2a7089af : The ID product: 1005003857063999 - and the ean: 8430115383620 - update with stock: 7
01/02/2022 08:35:10 : feed_Aliexpress.php : 61f8e2a7089af : El sku: 8430115383675
01/02/2022 08:35:10 : feed_Aliexpress.php : 61f8e2a7089af : The query Return 1 files.
01/02/2022 08:35:10 : feed_Aliexpress.php : 61f8e2a7089af : The ID product: 1005003857063999 - and the ean: 8430115383675 - update with stock: 2
01/02/2022 08:35:11 : feed_Aliexpress.php : 61f8e2a7089af : El sku: 8430115383637
01/02/2022 08:35:11 : feed_Aliexpress.php : 61f8e2a7089af : The query Return 1 files.
01/02/2022 08:35:11 : feed_Aliexpress.php : 61f8e2a7089af : The ID product: 1005003857063999 - and the ean: 8430115383637 - update with stock: 7
01/02/2022 08:35:12 : feed_Aliexpress.php : 61f8e2a7089af : El sku: 8430115383644
01/02/2022 08:35:12 : feed_Aliexpress.php : 61f8e2a7089af : The query Return 1 files.
01/02/2022 08:35:12 : feed_Aliexpress.php : 61f8e2a7089af : The ID product: 1005003857063999 - and the ean: 8430115383644 - update with stock: 3
01/02/2022 08:35:14 : feed_Aliexpress.php : 61f8e2a7089af : El sku: 8430115383651
01/02/2022 08:35:14 : feed_Aliexpress.php : 61f8e2a7089af : The query Return 1 files.
01/02/2022 08:35:14 : feed_Aliexpress.php : 61f8e2a7089af : The ID product: 1005003857063999 - and the ean: 8430115383651 - update with stock: 2
01/02/2022 08:35:15 : feed_Aliexpress.php : 61f8e2a7089af : El sku: 8430115383668
01/02/2022 08:35:15 : feed_Aliexpress.php : 61f8e2a7089af : The query Return 1 files.
01/02/2022 08:35:15 : feed_Aliexpress.php : 61f8e2a7089af : The ID product: 1005003857063999 - and the ean: 8430115383668 - update with stock: 6
